<?xml version="1.0" encoding="UTF-8"?>
<testsuite xmlns:xsi="http://www.w3.org/2001/XMLSchema-instance" xsi:noNamespaceSchemaLocation="https://maven.apache.org/surefire/maven-surefire-plugin/xsd/surefire-test-report.xsd" name="PersonTest" time="1.127" tests="6" errors="0" skipped="0" failures="3">
  <properties>
[...]
</properties>
  <testcase name="isTeenagerTest" classname="PersonTest" time="0.026">
    <failure message="expected:&lt;true&gt; but was:&lt;false&gt;" type="java.lang.AssertionError"><![CDATA[java.lang.AssertionError: expected:<true> but was:<false>
	at PersonTest.isTeenagerTest(PersonTest.java:26)
]]></failure>
    <system-out><![CDATA[14:16:40.434 [main] DEBUG org.testng.internal.Graph - [Graph] ADDING NODE PersonTest.isTeenagerTest(int,boolean)[pri:0, instance:PersonTest@31368b99] -754004724
14:16:40.439 [main] DEBUG org.testng.internal.Graph - [Graph] ================ SORTING
14:16:40.443 [main] DEBUG org.testng.internal.Graph - [Graph] =============== DONE SORTING
14:16:40.443 [main] DEBUG org.testng.internal.Graph - [Graph] ====== SORTED NODES
14:16:40.443 [main] DEBUG org.testng.internal.Graph - [Graph] ====== END SORTED NODES
]]></system-out>
  </testcase>
  <testcase name="isTeenagerTest" classname="PersonTest" time="0.001">
    <failure message="expected:&lt;true&gt; but was:&lt;false&gt;" type="java.lang.AssertionError"><![CDATA[java.lang.AssertionError: expected:<true> but was:<false>
	at PersonTest.isTeenagerTest(PersonTest.java:26)
]]></failure>
  </testcase>
  <testcase name="isTeenagerTest" classname="PersonTest" time="0"/>
  <testcase name="isTeenagerTest" classname="PersonTest" time="0.001"/>
  <testcase name="isTeenagerTest" classname="PersonTest" time="0.001">
    <failure message="expected:&lt;false&gt; but was:&lt;true&gt;" type="java.lang.AssertionError"><![CDATA[java.lang.AssertionError: expected:<false> but was:<true>
	at PersonTest.isTeenagerTest(PersonTest.java:26)
]]></failure>
  </testcase>
  <testcase name="isTeenagerTest" classname="PersonTest" time="0"/>
</testsuite>