<?xml version="1.0" encoding="UTF-8"?>
<testsuite xmlns:xsi="http://www.w3.org/2001/XMLSchema-instance" xsi:noNamespaceSchemaLocation="https://maven.apache.org/surefire/maven-surefire-plugin/xsd/surefire-test-report.xsd" name="PersonTest" time="1.024" tests="6" errors="0" skipped="0" failures="3">
  <properties>
[...]
</properties>
  <testcase name="isTeenagerTest" classname="PersonTest" time="0.032">
    <failure message="expected:&lt;true&gt; but was:&lt;false&gt;" type="java.lang.AssertionError"><![CDATA[java.lang.AssertionError: expected:<true> but was:<false>
	at PersonTest.isTeenagerTest(PersonTest.java:26)
]]></failure>
    <system-out><![CDATA[true
]]></system-out>
    <system-err><![CDATA[SLF4J: Failed to load class "org.slf4j.impl.StaticLoggerBinder".
SLF4J: Defaulting to no-operation (NOP) logger implementation
SLF4J: See http://www.slf4j.org/codes.html#StaticLoggerBinder for further details.
]]></system-err>
  </testcase>
  <testcase name="isTeenagerTest" classname="PersonTest" time="0.001">
    <failure message="expected:&lt;true&gt; but was:&lt;false&gt;" type="java.lang.AssertionError"><![CDATA[java.lang.AssertionError: expected:<true> but was:<false>
	at PersonTest.isTeenagerTest(PersonTest.java:26)
]]></failure>
    <system-out><![CDATA[true
]]></system-out>
  </testcase>
  <testcase name="isTeenagerTest" classname="PersonTest" time="0.002"/>
  <testcase name="isTeenagerTest" classname="PersonTest" time="0.001"/>
  <testcase name="isTeenagerTest" classname="PersonTest" time="0.001">
    <failure message="expected:&lt;false&gt; but was:&lt;true&gt;" type="java.lang.AssertionError"><![CDATA[java.lang.AssertionError: expected:<false> but was:<true>
	at PersonTest.isTeenagerTest(PersonTest.java:26)
]]></failure>
    <system-out><![CDATA[false
]]></system-out>
  </testcase>
  <testcase name="isTeenagerTest" classname="PersonTest" time="0.001"/>
</testsuite>